<?xml version="1.0" encoding="UTF-8"?>
<testsuite xmlns:xsi="http://www.w3.org/2001/XMLSchema-instance" xsi:noNamespaceSchemaLocation="https://maven.apache.org/surefire/maven-surefire-plugin/xsd/surefire-test-report-3.0.xsd" version="3.0" name="dev.lu212.bv.util.TokenCounterTest" time="0.028" tests="8" errors="0" skipped="0" failures="0">
  <properties>
[...]
</properties>
  <testcase name="formatTokenCount_exactThousand" classname="dev.lu212.bv.util.TokenCounterTest" time="0.011"/>
  <testcase name="formatTokenCount_underThousand" classname="dev.lu212.bv.util.TokenCounterTest" time="0.005"/>
  <testcase name="formatTokenCount_thousands" classname="dev.lu212.bv.util.TokenCounterTest" time="0.001"/>
  <testcase name="estimateTokens_returnsZeroForNull" classname="dev.lu212.bv.util.TokenCounterTest" time="0.001"/>
  <testcase name="estimateTokens_roughlyOneFourthOfLength" classname="dev.lu212.bv.util.TokenCounterTest" time="0.001"/>
  <testcase name="estimateTokens_roundsUp" classname="dev.lu212.bv.util.TokenCounterTest" time="0.0"/>
  <testcase name="estimateTokensForDiff_delegatesToEstimateTokens" classname="dev.lu212.bv.util.TokenCounterTest" time="0.001"/>
  <testcase name="estimateTokens_returnsZeroForBlank" classname="dev.lu212.bv.util.TokenCounterTest" time="0.001"/>
</testsuite>